app/build/intermediates/manifest_merge_blame_file/debug/manifest-merger-blame-debug-report.txt
1<?xml version="1.0" encoding="utf-8"?>
2<manifest xmlns:android="http://schemas.android.com/apk/res/android"
3    package="com.lucktrip.news"
4    android:versionCode="1"
5    android:versionName="1.0" >
6
7    <uses-sdk
8        android:minSdkVersion="21"
8-->src/main/AndroidManifest.xml
9        android:targetSdkVersion="31" />
9-->src/main/AndroidManifest.xml
10
11    <uses-permission android:name="android.permission.ACCESS_FINE_LOCATION" />
11-->src/main/AndroidManifest.xml:5:5-79
11-->src/main/AndroidManifest.xml:5:22-76
12    <uses-permission android:name="android.permission.READ_EXTERNAL_STORAGE" />
12-->src/main/AndroidManifest.xml:6:5-80
12-->src/main/AndroidManifest.xml:6:22-77
13    <uses-permission android:name="android.permission.WRITE_EXTERNAL_STORAGE" />
13-->src/main/AndroidManifest.xml:7:5-81
13-->src/main/AndroidManifest.xml:7:22-78
14    <uses-permission android:name="android.permission.CALL_PHONE" />
14-->src/main/AndroidManifest.xml:8:5-69
14-->src/main/AndroidManifest.xml:8:22-66
15    <uses-permission android:name="android.permission.INTERNET" />
15-->src/main/AndroidManifest.xml:9:5-67
15-->src/main/AndroidManifest.xml:9:22-64
16    <uses-permission android:name="android.permission.ACCESS_NETWORK_STATE" />
16-->src/main/AndroidManifest.xml:10:5-79
16-->src/main/AndroidManifest.xml:10:22-76
17    <uses-permission android:name="android.permission.ACCESS_WIFI_STATE" />
17-->src/main/AndroidManifest.xml:11:5-76
17-->src/main/AndroidManifest.xml:11:22-73
18    <uses-permission android:name="android.permission.FOREGROUND_SERVICE" />
18-->src/main/AndroidManifest.xml:12:5-77
18-->src/main/AndroidManifest.xml:12:22-74
19    <uses-permission android:name="android.permission.SYSTEM_ALERT_WINDOW" />
19-->src/main/AndroidManifest.xml:13:5-78
19-->src/main/AndroidManifest.xml:13:22-75
20
21    <application
21-->src/main/AndroidManifest.xml:15:5-51:19
22        android:name="com.tacme.news.app.MyApplication"
22-->src/main/AndroidManifest.xml:16:9-42
23        android:allowBackup="true"
23-->src/main/AndroidManifest.xml:17:9-35
24        android:appComponentFactory="androidx.core.app.CoreComponentFactory"
24-->[androidx.core:core:1.9.0-alpha02] AndroidManifest.xml:24:18-86
25        android:debuggable="true"
26        android:hardwareAccelerated="false"
26-->src/main/AndroidManifest.xml:24:9-44
27        android:icon="@mipmap/ic_launcher"
27-->src/main/AndroidManifest.xml:18:9-43
28        android:label="@string/app_name"
28-->src/main/AndroidManifest.xml:19:9-41
29        android:largeHeap="true"
29-->src/main/AndroidManifest.xml:23:9-33
30        android:roundIcon="@mipmap/ic_launcher"
30-->src/main/AndroidManifest.xml:20:9-48
31        android:supportsRtl="true"
31-->src/main/AndroidManifest.xml:21:9-35
32        android:testOnly="true"
33        android:theme="@style/AppTheme"
33-->src/main/AndroidManifest.xml:22:9-40
34        android:usesCleartextTraffic="true" >
34-->src/main/AndroidManifest.xml:25:9-44
35
36        <!-- <activity -->
37        <!-- android:name=".view.LoginActivity" -->
38        <!-- android:label="@string/app_name" -->
39        <!-- android:screenOrientation="portrait" -->
40        <!-- android:theme="@style/AppThemeNoStatusBar"> -->
41        <!-- <intent-filter> -->
42        <!-- <action android:name="android.intent.action.MAIN" /> -->
43
44
45        <!-- <category android:name="android.intent.category.LAUNCHER" /> -->
46        <!-- </intent-filter> -->
47        <!-- </activity> -->
48        <activity
48-->src/main/AndroidManifest.xml:38:9-50:20
49            android:name="com.tacme.news.view.mvvm.MainNewsMVVMActivity"
49-->src/main/AndroidManifest.xml:39:13-59
50            android:label="@string/app_name"
50-->src/main/AndroidManifest.xml:40:13-45
51            android:screenOrientation="portrait"
51-->src/main/AndroidManifest.xml:41:13-49
52            android:theme="@style/AppThemeNoStatusBar" >
52-->src/main/AndroidManifest.xml:42:13-55
53            <intent-filter>
53-->src/main/AndroidManifest.xml:44:13-48:29
54                <action android:name="android.intent.action.MAIN" />
54-->src/main/AndroidManifest.xml:45:17-69
54-->src/main/AndroidManifest.xml:45:25-66
55
56                <category android:name="android.intent.category.LAUNCHER" />
56-->src/main/AndroidManifest.xml:47:17-77
56-->src/main/AndroidManifest.xml:47:27-74
57            </intent-filter>
58        </activity>
59
60        <provider
60-->[com.squareup.picasso:picasso:2.71828] AndroidManifest.xml:8:9-11:40
61            android:name="com.squareup.picasso.PicassoProvider"
61-->[com.squareup.picasso:picasso:2.71828] AndroidManifest.xml:9:13-64
62            android:authorities="com.lucktrip.news.com.squareup.picasso"
62-->[com.squareup.picasso:picasso:2.71828] AndroidManifest.xml:10:13-72
63            android:exported="false" />
63-->[com.squareup.picasso:picasso:2.71828] AndroidManifest.xml:11:13-37
64        <provider
64-->[androidx.lifecycle:lifecycle-process:2.2.0] AndroidManifest.xml:25:9-29:43
65            android:name="androidx.lifecycle.ProcessLifecycleOwnerInitializer"
65-->[androidx.lifecycle:lifecycle-process:2.2.0] AndroidManifest.xml:26:13-79
66            android:authorities="com.lucktrip.news.lifecycle-process"
66-->[androidx.lifecycle:lifecycle-process:2.2.0] AndroidManifest.xml:27:13-69
67            android:exported="false"
67-->[androidx.lifecycle:lifecycle-process:2.2.0] AndroidManifest.xml:28:13-37
68            android:multiprocess="true" />
68-->[androidx.lifecycle:lifecycle-process:2.2.0] AndroidManifest.xml:29:13-40
69    </application>
70
71</manifest>